<?xml version="1.0" encoding="UTF-8"?>
<!-- Generated by org.testng.reporters.JUnitReportReporter -->
<testsuite hostname="LAPTOP-P84BDC0U" failures="0" tests="1" name="com.Ebay.TestCases.TC_Login" time="0.000" errors="0" timestamp="2020-10-07T12:09:08 EDT" skipped="1">
  <testcase classname="com.Ebay.TestCases.TC_Login" name="LoginTest" time="0.000">
    <skipped/>
  </testcase> <!-- LoginTest -->
  <system-out/>
</testsuite> <!-- com.Ebay.TestCases.TC_Login -->
