<?xml version="1.0" encoding="UTF-8"?>
<!-- Generated by org.testng.reporters.JUnitReportReporter -->
<testsuite hostname="LAPTOP-P84BDC0U" failures="0" tests="1" name="com.Ebay.TestCases.TC_Login" time="4.732" errors="0" timestamp="2020-10-02T19:04:46 EDT" skipped="0">
  <testcase classname="com.Ebay.TestCases.TC_Login" name="LoginTest" time="4.732"/>
  <system-out/>
</testsuite> <!-- com.Ebay.TestCases.TC_Login -->
